[2026-06-27 14:34:33] [main/INFO] [CustomSkinLoader Forge]: [CSL DEBUG] REGISTERING TRANSFORMER customskinloader.forge.transformer.FakeInterfacesTransformer$MinecraftTransformer
[2026-06-27 14:34:33] [main/INFO] [CustomSkinLoader Forge]: [CSL DEBUG] REGISTERING CLASS net.minecraft.client.Minecraft
[2026-06-27 14:34:33] [main/INFO] [CustomSkinLoader Forge]: [CSL DEBUG] REGISTERING TRANSFORMER customskinloader.forge.transformer.FakeInterfacesTransformer$IImageBufferTransformer
[2026-06-27 14:34:33] [main/INFO] [CustomSkinLoader Forge]: [CSL DEBUG] REGISTERING CLASS net.minecraft.client.renderer.IImageBuffer
[2026-06-27 14:34:33] [main/INFO] [CustomSkinLoader Forge]: [CSL DEBUG] REGISTERING TRANSFORMER customskinloader.forge.transformer.FakeInterfacesTransformer$ClientIResourceTransformer
[2026-06-27 14:34:33] [main/INFO] [CustomSkinLoader Forge]: [CSL DEBUG] REGISTERING CLASS net.minecraft.client.resources.IResource
[2026-06-27 14:34:33] [main/INFO] [CustomSkinLoader Forge]: [CSL DEBUG] REGISTERING TRANSFORMER customskinloader.forge.transformer.FakeInterfacesTransformer$ClientIResourceManagerTransformer
[2026-06-27 14:34:33] [main/INFO] [CustomSkinLoader Forge]: [CSL DEBUG] REGISTERING CLASS net.minecraft.client.resources.IResourceManager
[2026-06-27 14:34:33] [main/INFO] [CustomSkinLoader Forge]: [CSL DEBUG] REGISTERING TRANSFORMER customskinloader.forge.transformer.FakeInterfacesTransformer$IResourceTransformer
[2026-06-27 14:34:33] [main/INFO] [CustomSkinLoader Forge]: [CSL DEBUG] REGISTERING CLASS net.minecraft.resources.IResource
[2026-06-27 14:34:33] [main/INFO] [CustomSkinLoader Forge]: [CSL DEBUG] REGISTERING TRANSFORMER customskinloader.forge.transformer.FakeInterfacesTransformer$IResourceManagerTransformer
[2026-06-27 14:34:33] [main/INFO] [CustomSkinLoader Forge]: [CSL DEBUG] REGISTERING CLASS net.minecraft.resources.IResourceManager
[2026-06-27 14:34:33] [main/INFO] [CustomSkinLoader Forge]: [CSL DEBUG] REGISTERING TRANSFORMER customskinloader.forge.transformer.SkinManagerTransformer$InitTransformer
[2026-06-27 14:34:33] [main/INFO] [CustomSkinLoader Forge]: [CSL DEBUG] REGISTERING SRG METHOD net.minecraft.client.resources.SkinManager::<init>(Lnet/minecraft/client/renderer/texture/TextureManager;Ljava/io/File;Lcom/mojang/authlib/minecraft/MinecraftSessionService;)V
[2026-06-27 14:34:33] [main/INFO] [CustomSkinLoader Forge]: [CSL DEBUG] REGISTERING TRANSFORMER customskinloader.forge.transformer.SkinManagerTransformer$LoadSkinTransformer
[2026-06-27 14:34:33] [main/INFO] [CustomSkinLoader Forge]: [CSL DEBUG] REGISTERING SRG METHOD net.minecraft.client.resources.SkinManager::func_152789_a(Lcom/mojang/authlib/minecraft/MinecraftProfileTexture;Lcom/mojang/authlib/minecraft/MinecraftProfileTexture$Type;Lnet/minecraft/client/resources/SkinManager$SkinAvailableCallback;)Lnet/minecraft/util/ResourceLocation;
[2026-06-27 14:34:33] [main/INFO] [CustomSkinLoader Forge]: [CSL DEBUG] REGISTERING METHOD net.minecraft.client.resources.SkinManager::loadSkin(Lcom/mojang/authlib/minecraft/MinecraftProfileTexture;Lcom/mojang/authlib/minecraft/MinecraftProfileTexture$Type;Lnet/minecraft/client/resources/SkinManager$SkinAvailableCallback;)Lnet/minecraft/util/ResourceLocation;
[2026-06-27 14:34:33] [main/INFO] [CustomSkinLoader Forge]: [CSL DEBUG] REGISTERING TRANSFORMER customskinloader.forge.transformer.SkinManagerTransformer$LoadProfileTexturesTransformer
[2026-06-27 14:34:33] [main/INFO] [CustomSkinLoader Forge]: [CSL DEBUG] REGISTERING SRG METHOD net.minecraft.client.resources.SkinManager::func_152790_a(Lcom/mojang/authlib/GameProfile;Lnet/minecraft/client/resources/SkinManager$SkinAvailableCallback;Z)V
[2026-06-27 14:34:33] [main/INFO] [CustomSkinLoader Forge]: [CSL DEBUG] REGISTERING METHOD net.minecraft.client.resources.SkinManager::loadProfileTextures(Lcom/mojang/authlib/GameProfile;Lnet/minecraft/client/resources/SkinManager$SkinAvailableCallback;Z)V
[2026-06-27 14:34:33] [main/INFO] [CustomSkinLoader Forge]: [CSL DEBUG] REGISTERING TRANSFORMER customskinloader.forge.transformer.SkinManagerTransformer$LoadSkinFromCacheTransformer
[2026-06-27 14:34:33] [main/INFO] [CustomSkinLoader Forge]: [CSL DEBUG] REGISTERING SRG METHOD net.minecraft.client.resources.SkinManager::func_152788_a(Lcom/mojang/authlib/GameProfile;)Ljava/util/Map;
[2026-06-27 14:34:33] [main/INFO] [CustomSkinLoader Forge]: [CSL DEBUG] REGISTERING METHOD net.minecraft.client.resources.SkinManager::loadSkinFromCache(Lcom/mojang/authlib/GameProfile;)Ljava/util/Map;
[2026-06-27 14:34:33] [main/INFO] [CustomSkinLoader Forge]: [CSL DEBUG] REGISTERING TRANSFORMER customskinloader.forge.transformer.SkinManagerTransformer$Run0Transformer
[2026-06-27 14:34:33] [main/INFO] [CustomSkinLoader Forge]: [CSL DEBUG] REGISTERING SRG METHOD net.minecraft.client.resources.SkinManager$3::run()V
[2026-06-27 14:34:33] [main/INFO] [CustomSkinLoader Forge]: [CSL DEBUG] REGISTERING METHOD net.minecraft.client.resources.SkinManager$3::run()V
[2026-06-27 14:34:33] [main/INFO] [CustomSkinLoader Forge]: [CSL DEBUG] REGISTERING TRANSFORMER customskinloader.forge.transformer.SkinManagerTransformer$Run1Transformer
[2026-06-27 14:34:33] [main/INFO] [CustomSkinLoader Forge]: [CSL DEBUG] REGISTERING SRG METHOD net.minecraft.client.resources.SkinManager$3$1::run()V
[2026-06-27 14:34:33] [main/INFO] [CustomSkinLoader Forge]: [CSL DEBUG] REGISTERING METHOD net.minecraft.client.resources.SkinManager$3$1::run()V
[2026-06-27 14:34:33] [main/INFO] [CustomSkinLoader Forge]: [CSL DEBUG] REGISTERING TRANSFORMER customskinloader.forge.transformer.PlayerTabTransformer$ScoreObjectiveTransformer
[2026-06-27 14:34:33] [main/INFO] [CustomSkinLoader Forge]: [CSL DEBUG] REGISTERING SRG METHOD net.minecraft.client.gui.GuiPlayerTabOverlay::func_175249_a(ILnet/minecraft/scoreboard/Scoreboard;Lnet/minecraft/scoreboard/ScoreObjective;)V
[2026-06-27 14:34:33] [main/INFO] [CustomSkinLoader Forge]: [CSL DEBUG] REGISTERING METHOD net.minecraft.client.gui.GuiPlayerTabOverlay::renderPlayerlist(ILnet/minecraft/scoreboard/Scoreboard;Lnet/minecraft/scoreboard/ScoreObjective;)V
[2026-06-27 14:34:33] [main/INFO] [CustomSkinLoader Forge]: [CSL DEBUG] REGISTERING TRANSFORMER customskinloader.forge.transformer.SpectatorMenuTransformer$PlayerMenuObjectTransformer
[2026-06-27 14:34:33] [main/INFO] [CustomSkinLoader Forge]: [CSL DEBUG] REGISTERING SRG METHOD net.minecraft.client.gui.spectator.PlayerMenuObject::<init>(Lcom/mojang/authlib/GameProfile;)V
[2026-06-27 14:34:35] [main/INFO] [CustomSkinLoader Forge]: [CSL DEBUG] Successfully transformed class net.minecraft.client.Minecraft
[2026-06-27 14:34:35] [main/INFO] [CustomSkinLoader Forge]: [CSL DEBUG] Successfully transformed class net.minecraft.client.resources.IResourceManager
[2026-06-27 14:34:35] [main/INFO] [CustomSkinLoader Forge]: [CSL DEBUG] Successfully transformed class net.minecraft.resources.IResourceManager
[2026-06-27 14:34:46] [Thread-3/INFO] [CustomSkinLoader Forge]: [CSL DEBUG] Successfully transformed class net.minecraft.client.resources.IResource
[2026-06-27 14:34:46] [Thread-3/INFO] [CustomSkinLoader Forge]: [CSL DEBUG] Successfully transformed class net.minecraft.resources.IResource
[2026-06-27 14:34:50] [Client thread/INFO] [CustomSkinLoader Forge]: [CSL DEBUG] Successfully transformed class net.minecraft.client.renderer.IImageBuffer
[2026-06-27 14:34:56] [Client thread/INFO] [CustomSkinLoader Forge]: [CSL DEBUG] Successfully transformed method <init> in class net.minecraft.client.resources.SkinManager
[2026-06-27 14:34:56] [Client thread/INFO] [CustomSkinLoader Forge]: [CSL DEBUG] Successfully transformed method func_152789_a in class net.minecraft.client.resources.SkinManager
[2026-06-27 14:34:56] [Client thread/INFO] [CustomSkinLoader Forge]: [CSL DEBUG] Successfully transformed method func_152790_a in class net.minecraft.client.resources.SkinManager
[2026-06-27 14:34:56] [Client thread/INFO] [CustomSkinLoader Forge]: [CSL DEBUG] Successfully transformed method func_152788_a in class net.minecraft.client.resources.SkinManager
[2026-06-27 14:35:27] [Client thread/INFO] [CustomSkinLoader Forge]: [CSL DEBUG] Successfully transformed method func_175249_a in class net.minecraft.client.gui.GuiPlayerTabOverlay
